Generated at 2017-06-06 23:23:45 -0400
SyntaxError: /root/chef-repo/cookbooks/apache/metadata.rb:7: syntax error, unexpected tIDENTIFIER, expecting end-of-input
version '0.1.0'_version '>= 12.1' if respond_to?(:chef_version)
                       ^
/opt/chefdk/embedded/lib/ruby/gems/2.3.0/gems/chef-zero-5.3.2/lib/chef_zero/chef_data/cookbook_data.rb:38:in `instance_eval'
/opt/chefdk/embedded/lib/ruby/gems/2.3.0/gems/chef-zero-5.3.2/lib/chef_zero/chef_data/cookbook_data.rb:38:in `metadata_from'
/opt/chefdk/embedded/lib/ruby/gems/2.3.0/gems/chef-12.19.36/lib/chef/chef_fs/chef_fs_data_store.rb:828:in `get_single_cookbook_version'
/opt/chefdk/embedded/lib/ruby/gems/2.3.0/gems/chef-12.19.36/lib/chef/chef_fs/chef_fs_data_store.rb:550:in `list'
/opt/chefdk/embedded/lib/ruby/gems/2.3.0/gems/chef-zero-5.3.2/lib/chef_zero/data_store/v1_to_v2_adapter.rb:83:in `block in list'
/opt/chefdk/embedded/lib/ruby/gems/2.3.0/gems/chef-zero-5.3.2/lib/chef_zero/data_store/v1_to_v2_adapter.rb:113:in `fix_exceptions'
/opt/chefdk/embedded/lib/ruby/gems/2.3.0/gems/chef-zero-5.3.2/lib/chef_zero/data_store/v1_to_v2_adapter.rb:82:in `list'
/opt/chefdk/embedded/lib/ruby/gems/2.3.0/gems/chef-zero-5.3.2/lib/chef_zero/rest_base.rb:100:in `list_data'
/opt/chefdk/embedded/lib/ruby/gems/2.3.0/gems/chef-zero-5.3.2/lib/chef_zero/endpoints/environment_cookbook_versions_endpoint.rb:24:in `block in post'
/opt/chefdk/embedded/lib/ruby/gems/2.3.0/gems/chef-zero-5.3.2/lib/chef_zero/endpoints/environment_cookbook_versions_endpoint.rb:16:in `each'
/opt/chefdk/embedded/lib/ruby/gems/2.3.0/gems/chef-zero-5.3.2/lib/chef_zero/endpoints/environment_cookbook_versions_endpoint.rb:16:in `post'
/opt/chefdk/embedded/lib/ruby/gems/2.3.0/gems/chef-zero-5.3.2/lib/chef_zero/rest_base.rb:62:in `call'
/opt/chefdk/embedded/lib/ruby/gems/2.3.0/gems/chef-zero-5.3.2/lib/chef_zero/rest_router.rb:24:in `call'
/opt/chefdk/embedded/lib/ruby/gems/2.3.0/gems/chef-zero-5.3.2/lib/chef_zero/server.rb:663:in `block in app'
/opt/chefdk/embedded/lib/ruby/gems/2.3.0/gems/chef-zero-5.3.2/lib/chef_zero/server.rb:335:in `handle_socketless_request'
/opt/chefdk/embedded/lib/ruby/gems/2.3.0/gems/chef-zero-5.3.2/lib/chef_zero/socketless_server_map.rb:87:in `request'
/opt/chefdk/embedded/lib/ruby/gems/2.3.0/gems/chef-zero-5.3.2/lib/chef_zero/socketless_server_map.rb:33:in `request'
/opt/chefdk/embedded/lib/ruby/gems/2.3.0/gems/chef-12.19.36/lib/chef/http/socketless_chef_zero_client.rb:154:in `request'
/opt/chefdk/embedded/lib/ruby/gems/2.3.0/gems/chef-12.19.36/lib/chef/http.rb:340:in `block in send_http_request'
/opt/chefdk/embedded/lib/ruby/gems/2.3.0/gems/chef-12.19.36/lib/chef/http.rb:372:in `block in retrying_http_errors'
/opt/chefdk/embedded/lib/ruby/gems/2.3.0/gems/chef-12.19.36/lib/chef/http.rb:370:in `loop'
/opt/chefdk/embedded/lib/ruby/gems/2.3.0/gems/chef-12.19.36/lib/chef/http.rb:370:in `retrying_http_errors'
/opt/chefdk/embedded/lib/ruby/gems/2.3.0/gems/chef-12.19.36/lib/chef/http.rb:333:in `send_http_request'
/opt/chefdk/embedded/lib/ruby/gems/2.3.0/gems/chef-12.19.36/lib/chef/http.rb:148:in `request'
/opt/chefdk/embedded/lib/ruby/gems/2.3.0/gems/chef-12.19.36/lib/chef/http.rb:131:in `post'
/opt/chefdk/embedded/lib/ruby/gems/2.3.0/gems/chef-12.19.36/lib/chef/policy_builder/expand_node_object.rb:204:in `sync_cookbooks'
/opt/chefdk/embedded/lib/ruby/gems/2.3.0/gems/chef-12.19.36/lib/chef/policy_builder/expand_node_object.rb:83:in `setup_run_context'
/opt/chefdk/embedded/lib/ruby/gems/2.3.0/gems/chef-12.19.36/lib/chef/client.rb:511:in `setup_run_context'
/opt/chefdk/embedded/lib/ruby/gems/2.3.0/gems/chef-12.19.36/lib/chef/client.rb:281:in `run'
/opt/chefdk/embedded/lib/ruby/gems/2.3.0/gems/chef-12.19.36/lib/chef/application.rb:295:in `block in fork_chef_client'
/opt/chefdk/embedded/lib/ruby/gems/2.3.0/gems/chef-12.19.36/lib/chef/application.rb:283:in `fork'
/opt/chefdk/embedded/lib/ruby/gems/2.3.0/gems/chef-12.19.36/lib/chef/application.rb:283:in `fork_chef_client'
/opt/chefdk/embedded/lib/ruby/gems/2.3.0/gems/chef-12.19.36/lib/chef/application.rb:248:in `block in run_chef_client'
/opt/chefdk/embedded/lib/ruby/gems/2.3.0/gems/chef-12.19.36/lib/chef/local_mode.rb:44:in `with_server_connectivity'
/opt/chefdk/embedded/lib/ruby/gems/2.3.0/gems/chef-12.19.36/lib/chef/application.rb:236:in `run_chef_client'
/opt/chefdk/embedded/lib/ruby/gems/2.3.0/gems/chef-12.19.36/lib/chef/application/client.rb:464:in `sleep_then_run_chef_client'
/opt/chefdk/embedded/lib/ruby/gems/2.3.0/gems/chef-12.19.36/lib/chef/application/client.rb:451:in `block in interval_run_chef_client'
/opt/chefdk/embedded/lib/ruby/gems/2.3.0/gems/chef-12.19.36/lib/chef/application/client.rb:450:in `loop'
/opt/chefdk/embedded/lib/ruby/gems/2.3.0/gems/chef-12.19.36/lib/chef/application/client.rb:450:in `interval_run_chef_client'
/opt/chefdk/embedded/lib/ruby/gems/2.3.0/gems/chef-12.19.36/lib/chef/application/client.rb:434:in `run_application'
/opt/chefdk/embedded/lib/ruby/gems/2.3.0/gems/chef-12.19.36/lib/chef/application.rb:59:in `run'
/opt/chefdk/embedded/lib/ruby/gems/2.3.0/gems/chef-12.19.36/bin/chef-client:26:in `<top (required)>'
/usr/bin/chef-client:58:in `load'
/usr/bin/chef-client:58:in `<main>'